  main.cpp
C:\mojeRzeczy\ehp\game\game\main.cpp(122,22): warning C4244: '=': conversion from 'int' to 'T', possible loss of data
          with
          [
              T=float
          ]
C:\mojeRzeczy\ehp\game\game\main.cpp(123,22): warning C4244: '=': conversion from 'int' to 'T', possible loss of data
          with
          [
              T=float
          ]
C:\mojeRzeczy\ehp\game\game\main.cpp(163,23): warning C4244: 'argument': conversion from 'int' to 'float', possible loss of data
C:\mojeRzeczy\ehp\game\game\main.cpp(163,20): warning C4244: 'argument': conversion from 'int' to 'float', possible loss of data
C:\mojeRzeczy\ehp\game\game\main.cpp(168,20): warning C4244: 'argument': conversion from 'int' to 'float', possible loss of data
C:\mojeRzeczy\ehp\game\game\main.cpp(174,23): warning C4244: 'argument': conversion from 'int' to 'float', possible loss of data
C:\mojeRzeczy\ehp\game\game\main.cpp(174,20): warning C4244: 'argument': conversion from 'int' to 'float', possible loss of data
C:\mojeRzeczy\ehp\game\game\main.cpp(178,20): warning C4244: 'argument': conversion from 'int' to 'float', possible loss of data
C:\mojeRzeczy\ehp\game\game\main.cpp(209,32): warning C4244: 'argument': conversion from 'float' to 'int', possible loss of data
C:\mojeRzeczy\ehp\game\game\main.cpp(209,22): warning C4244: 'argument': conversion from 'float' to 'int', possible loss of data
C:\mojeRzeczy\ehp\game\game\main.cpp(253,39): warning C4244: 'argument': conversion from 'double' to 'int', possible loss of data
C:\mojeRzeczy\ehp\game\game\main.cpp(253,31): warning C4244: 'argument': conversion from 'double' to 'int', possible loss of data
C:\mojeRzeczy\ehp\game\game\main.cpp(258,44): warning C4244: 'argument': conversion from 'double' to 'T', possible loss of data
          with
          [
              T=float
          ]
C:\mojeRzeczy\ehp\game\game\main.cpp(258,41): warning C4244: 'argument': conversion from 'double' to 'T', possible loss of data
          with
          [
              T=float
          ]
C:\mojeRzeczy\ehp\game\game\main.cpp(360,34): warning C4244: '=': conversion from 'double' to 'T', possible loss of data
          with
          [
              T=float
          ]
C:\mojeRzeczy\ehp\game\game\main.cpp(364,23): warning C4244: '=': conversion from 'double' to 'T', possible loss of data
          with
          [
              T=float
          ]
C:\mojeRzeczy\ehp\game\game\main.cpp(367,23): warning C4244: '=': conversion from 'double' to 'T', possible loss of data
          with
          [
              T=float
          ]
C:\mojeRzeczy\ehp\game\game\main.cpp(373,24): warning C4244: '=': conversion from 'double' to 'T', possible loss of data
          with
          [
              T=float
          ]
C:\mojeRzeczy\ehp\game\game\main.cpp(376,24): warning C4244: '=': conversion from 'double' to 'T', possible loss of data
          with
          [
              T=float
          ]
C:\mojeRzeczy\ehp\game\game\main.cpp(443,24): warning C4244: '-=': conversion from 'double' to 'T', possible loss of data
          with
          [
              T=float
          ]
C:\mojeRzeczy\ehp\game\game\main.cpp(450,28): warning C4244: '+=': conversion from 'double' to 'T', possible loss of data
          with
          [
              T=float
          ]
C:\mojeRzeczy\ehp\game\game\main.cpp(457,29): warning C4244: '+=': conversion from 'double' to 'T', possible loss of data
          with
          [
              T=float
          ]
C:\mojeRzeczy\ehp\game\game\main.cpp(459,29): warning C4244: '-=': conversion from 'double' to 'T', possible loss of data
          with
          [
              T=float
          ]
C:\mojeRzeczy\ehp\game\game\main.cpp(470,23): warning C4244: '=': conversion from 'double' to 'T', possible loss of data
          with
          [
              T=float
          ]
C:\mojeRzeczy\ehp\game\game\main.cpp(522,25): warning C4244: 'argument': conversion from 'double' to 'int', possible loss of data
C:\mojeRzeczy\ehp\game\game\main.cpp(522,22): warning C4244: 'argument': conversion from 'double' to 'int', possible loss of data
C:\mojeRzeczy\ehp\game\game\main.cpp(527,44): warning C4244: 'argument': conversion from 'double' to 'T', possible loss of data
          with
          [
              T=float
          ]
C:\mojeRzeczy\ehp\game\game\main.cpp(527,41): warning C4244: 'argument': conversion from 'double' to 'T', possible loss of data
          with
          [
              T=float
          ]
C:\mojeRzeczy\ehp\game\game\main.cpp(594,24): warning C4244: '-=': conversion from 'double' to 'T', possible loss of data
          with
          [
              T=float
          ]
C:\mojeRzeczy\ehp\game\game\main.cpp(598,28): warning C4244: '+=': conversion from 'double' to 'T', possible loss of data
          with
          [
              T=float
          ]
C:\mojeRzeczy\ehp\game\game\main.cpp(603,29): warning C4244: '+=': conversion from 'double' to 'T', possible loss of data
          with
          [
              T=float
          ]
C:\mojeRzeczy\ehp\game\game\main.cpp(605,29): warning C4244: '-=': conversion from 'double' to 'T', possible loss of data
          with
          [
              T=float
          ]
C:\mojeRzeczy\ehp\game\game\main.cpp(650,44): warning C4244: 'argument': conversion from 'double' to 'T', possible loss of data
          with
          [
              T=float
          ]
C:\mojeRzeczy\ehp\game\game\main.cpp(650,41): warning C4244: 'argument': conversion from 'double' to 'T', possible loss of data
          with
          [
              T=float
          ]
C:\mojeRzeczy\ehp\game\game\main.cpp(716,44): warning C4244: 'argument': conversion from 'double' to 'T', possible loss of data
          with
          [
              T=float
          ]
C:\mojeRzeczy\ehp\game\game\main.cpp(716,41): warning C4244: 'argument': conversion from 'double' to 'T', possible loss of data
          with
          [
              T=float
          ]
C:\mojeRzeczy\ehp\game\game\main.cpp(733,45): warning C4244: 'argument': conversion from 'int' to 'T', possible loss of data
          with
          [
              T=float
          ]
C:\mojeRzeczy\ehp\game\game\main.cpp(733,33): warning C4244: 'argument': conversion from 'int' to 'T', possible loss of data
          with
          [
              T=float
          ]
C:\mojeRzeczy\ehp\game\game\main.cpp(735,46): warning C4244: 'argument': conversion from 'int' to 'T', possible loss of data
          with
          [
              T=float
          ]
C:\mojeRzeczy\ehp\game\game\main.cpp(735,33): warning C4244: 'argument': conversion from 'int' to 'T', possible loss of data
          with
          [
              T=float
          ]
C:\mojeRzeczy\ehp\game\game\main.cpp(737,33): warning C4244: 'argument': conversion from 'int' to 'T', possible loss of data
          with
          [
              T=float
          ]
C:\mojeRzeczy\ehp\game\game\main.cpp(739,33): warning C4244: 'argument': conversion from 'int' to 'T', possible loss of data
          with
          [
              T=float
          ]
C:\mojeRzeczy\ehp\game\game\main.cpp(742,36): warning C4244: 'argument': conversion from 'int' to 'T', possible loss of data
          with
          [
              T=float
          ]
C:\mojeRzeczy\ehp\game\game\main.cpp(744,36): warning C4244: 'argument': conversion from 'int' to 'T', possible loss of data
          with
          [
              T=float
          ]
C:\mojeRzeczy\ehp\game\game\main.cpp(746,49): warning C4244: 'argument': conversion from 'int' to 'T', possible loss of data
          with
          [
              T=float
          ]
C:\mojeRzeczy\ehp\game\game\main.cpp(746,36): warning C4244: 'argument': conversion from 'int' to 'T', possible loss of data
          with
          [
              T=float
          ]
C:\mojeRzeczy\ehp\game\game\main.cpp(748,48): warning C4244: 'argument': conversion from 'int' to 'T', possible loss of data
          with
          [
              T=float
          ]
C:\mojeRzeczy\ehp\game\game\main.cpp(748,36): warning C4244: 'argument': conversion from 'int' to 'T', possible loss of data
          with
          [
              T=float
          ]
C:\mojeRzeczy\ehp\game\game\main.cpp(955,95): warning C4244: 'argument': conversion from 'T' to 'T', possible loss of data
          with
          [
              T=unsigned int
          ]
          and
          [
              T=float
          ]
C:\mojeRzeczy\ehp\game\game\main.cpp(955,71): warning C4244: 'argument': conversion from 'T' to 'T', possible loss of data
          with
          [
              T=unsigned int
          ]
          and
          [
              T=float
          ]
C:\mojeRzeczy\ehp\game\game\main.cpp(1112,72): warning C4244: 'argument': conversion from 'T' to 'T', possible loss of data
          with
          [
              T=unsigned int
          ]
          and
          [
              T=float
          ]
C:\mojeRzeczy\ehp\game\game\main.cpp(1112,48): warning C4244: 'argument': conversion from 'T' to 'T', possible loss of data
          with
          [
              T=unsigned int
          ]
          and
          [
              T=float
          ]
  Generating code
  Previous IPDB and IOBJ mismatch, fall back to full compilation.
  All 1950 functions were compiled because no usable IPDB/IOBJ from previous compilation was found.
  Finished generating code
  game.vcxproj -> C:\mojeRzeczy\ehp\game\x64\Release\game.exe
